# JRE version: OpenJDK Runtime Environment (8.0_112-b06) (build 1.8.0_112-release-b06)
# Java VM: OpenJDK 64-Bit Server VM (25.112-b06 mixed mode windows-amd64 compressed oops)
Heap:
 PSYoungGen      total 163328K, used 61130K [0x00000000e0000000, 0x00000000eb880000, 0x0000000100000000)
  eden space 145920K, 29% used [0x00000000e0000000,0x00000000e2ab2808,0x00000000e8e80000)
  from space 17408K, 100% used [0x00000000ea300000,0x00000000eb400000,0x00000000eb400000)
  to   space 20992K, 0% used [0x00000000e8e80000,0x00000000e8e80000,0x00000000ea300000)
 ParOldGen       total 96768K, used 29024K [0x00000000a0000000, 0x00000000a5e80000, 0x00000000e0000000)
  object space 96768K, 29% used [0x00000000a0000000,0x00000000a1c58008,0x00000000a5e80000)
 Metaspace       used 52373K, capacity 54016K, committed 54144K, reserved 1095680K
  class space    used 7080K, capacity 7443K, committed 7552K, reserved 1048576K
GC Heap History (10 events):
Event: 5.395 GC heap before
{Heap before GC invocations=8 (full 1):
 PSYoungGen      total 96256K, used 89096K [0x00000000e0000000, 0x00000000e6980000, 0x0000000100000000)
  eden space 87552K, 94% used [0x00000000e0000000,0x00000000e510bd78,0x00000000e5580000)
  from space 8704K, 70% used [0x00000000e6100000,0x00000000e66f63f0,0x00000000e6980000)
  to   space 10240K, 0% used [0x00000000e5580000,0x00000000e5580000,0x00000000e5f80000)
 ParOldGen       total 61440K, used 12528K [0x00000000a0000000, 0x00000000a3c00000, 0x00000000e0000000)
  object space 61440K, 20% used [0x00000000a0000000,0x00000000a0c3c130,0x00000000a3c00000)
 Metaspace       used 34794K, capacity 35362K, committed 35496K, reserved 1079296K
  class space    used 4651K, capacity 4819K, committed 4864K, reserved 1048576K
Event: 5.412 GC heap after
Heap after GC invocations=8 (full 1):
 PSYoungGen      total 97792K, used 10235K [0x00000000e0000000, 0x00000000e9300000, 0x0000000100000000)
  eden space 87552K, 0% used [0x00000000e0000000,0x00000000e0000000,0x00000000e5580000)
  from space 10240K, 99% used [0x00000000e5580000,0x00000000e5f7efb8,0x00000000e5f80000)
  to   space 12800K, 0% used [0x00000000e8680000,0x00000000e8680000,0x00000000e9300000)
 ParOldGen       total 61440K, used 14361K [0x00000000a0000000, 0x00000000a3c00000, 0x00000000e0000000)
  object space 61440K, 23% used [0x00000000a0000000,0x00000000a0e066d8,0x00000000a3c00000)
 Metaspace       used 34794K, capacity 35362K, committed 35496K, reserved 1079296K
  class space    used 4651K, capacity 4819K, committed 4864K, reserved 1048576K
}
Event: 5.412 GC heap before
{Heap before GC invocations=9 (full 2):
 PSYoungGen      total 97792K, used 10235K [0x00000000e0000000, 0x00000000e9300000, 0x0000000100000000)
  eden space 87552K, 0% used [0x00000000e0000000,0x00000000e0000000,0x00000000e5580000)
  from space 10240K, 99% used [0x00000000e5580000,0x00000000e5f7efb8,0x00000000e5f80000)
  to   space 12800K, 0% used [0x00000000e8680000,0x00000000e8680000,0x00000000e9300000)
 ParOldGen       total 61440K, used 14361K [0x00000000a0000000, 0x00000000a3c00000, 0x00000000e0000000)
  object space 61440K, 23% used [0x00000000a0000000,0x00000000a0e066d8,0x00000000a3c00000)
 Metaspace       used 34794K, capacity 35362K, committed 35496K, reserved 1079296K
  class space    used 4651K, capacity 4819K, committed 4864K, reserved 1048576K
Event: 5.500 GC heap after
Heap after GC invocations=9 (full 2):
 PSYoungGen      total 97792K, used 0K [0x00000000e0000000, 0x00000000e9300000, 0x0000000100000000)
  eden space 87552K, 0% used [0x00000000e0000000,0x00000000e0000000,0x00000000e5580000)
  from space 10240K, 0% used [0x00000000e5580000,0x00000000e5580000,0x00000000e5f80000)
  to   space 12800K, 0% used [0x00000000e8680000,0x00000000e8680000,0x00000000e9300000)
 ParOldGen       total 96768K, used 18197K [0x00000000a0000000, 0x00000000a5e80000, 0x00000000e0000000)
  object space 96768K, 18% used [0x00000000a0000000,0x00000000a11c55f0,0x00000000a5e80000)
 Metaspace       used 34794K, capacity 35362K, committed 35496K, reserved 1079296K
  class space    used 4651K, capacity 4819K, committed 4864K, reserved 1048576K
}
Event: 6.636 GC heap before
{Heap before GC invocations=10 (full 2):
 PSYoungGen      total 97792K, used 87552K [0x00000000e0000000, 0x00000000e9300000, 0x0000000100000000)
  eden space 87552K, 100% used [0x00000000e0000000,0x00000000e5580000,0x00000000e5580000)
  from space 10240K, 0% used [0x00000000e5580000,0x00000000e5580000,0x00000000e5f80000)
  to   space 12800K, 0% used [0x00000000e8680000,0x00000000e8680000,0x00000000e9300000)
 ParOldGen       total 96768K, used 18197K [0x00000000a0000000, 0x00000000a5e80000, 0x00000000e0000000)
  object space 96768K, 18% used [0x00000000a0000000,0x00000000a11c55f0,0x00000000a5e80000)
 Metaspace       used 42255K, capacity 43074K, committed 43392K, reserved 1087488K
  class space    used 5662K, capacity 5894K, committed 6016K, reserved 1048576K
Event: 6.655 GC heap after
Heap after GC invocations=10 (full 2):
 PSYoungGen      total 132608K, used 9655K [0x00000000e0000000, 0x00000000e9080000, 0x0000000100000000)
  eden space 122368K, 0% used [0x00000000e0000000,0x00000000e0000000,0x00000000e7780000)
  from space 10240K, 94% used [0x00000000e8680000,0x00000000e8fedd10,0x00000000e9080000)
  to   space 12800K, 0% used [0x00000000e7780000,0x00000000e7780000,0x00000000e8400000)
 ParOldGen       total 96768K, used 18205K [0x00000000a0000000, 0x00000000a5e80000, 0x00000000e0000000)
  object space 96768K, 18% used [0x00000000a0000000,0x00000000a11c75f0,0x00000000a5e80000)
 Metaspace       used 42255K, capacity 43074K, committed 43392K, reserved 1087488K
  class space    used 5662K, capacity 5894K, committed 6016K, reserved 1048576K
}
Event: 10.051 GC heap before
{Heap before GC invocations=11 (full 2):
 PSYoungGen      total 132608K, used 132023K [0x00000000e0000000, 0x00000000e9080000, 0x0000000100000000)
  eden space 122368K, 100% used [0x00000000e0000000,0x00000000e7780000,0x00000000e7780000)
  from space 10240K, 94% used [0x00000000e8680000,0x00000000e8fedd10,0x00000000e9080000)
  to   space 12800K, 0% used [0x00000000e7780000,0x00000000e7780000,0x00000000e8400000)
 ParOldGen       total 96768K, used 18205K [0x00000000a0000000, 0x00000000a5e80000, 0x00000000e0000000)
  object space 96768K, 18% used [0x00000000a0000000,0x00000000a11c75f0,0x00000000a5e80000)
 Metaspace       used 50072K, capacity 51564K, committed 51712K, reserved 1093632K
  class space    used 6817K, capacity 7131K, committed 7168K, reserved 1048576K
Event: 10.081 GC heap after
Heap after GC invocations=11 (full 2):
 PSYoungGen      total 135168K, used 12800K [0x00000000e0000000, 0x00000000eb400000, 0x0000000100000000)
  eden space 122368K, 0% used [0x00000000e0000000,0x00000000e0000000,0x00000000e7780000)
  from space 12800K, 100% used [0x00000000e7780000,0x00000000e8400000,0x00000000e8400000)
  to   space 17408K, 0% used [0x00000000ea300000,0x00000000ea300000,0x00000000eb400000)
 ParOldGen       total 96768K, used 24914K [0x00000000a0000000, 0x00000000a5e80000, 0x00000000e0000000)
  object space 96768K, 25% used [0x00000000a0000000,0x00000000a1854bf0,0x00000000a5e80000)
 Metaspace       used 50072K, capacity 51564K, committed 51712K, reserved 1093632K
  class space    used 6817K, capacity 7131K, committed 7168K, reserved 1048576K
}
Event: 16.105 GC heap before
{Heap before GC invocations=12 (full 2):
 PSYoungGen      total 135168K, used 135168K [0x00000000e0000000, 0x00000000eb400000, 0x0000000100000000)
  eden space 122368K, 100% used [0x00000000e0000000,0x00000000e7780000,0x00000000e7780000)
  from space 12800K, 100% used [0x00000000e7780000,0x00000000e8400000,0x00000000e8400000)
  to   space 17408K, 0% used [0x00000000ea300000,0x00000000ea300000,0x00000000eb400000)
 ParOldGen       total 96768K, used 24914K [0x00000000a0000000, 0x00000000a5e80000, 0x00000000e0000000)
  object space 96768K, 25% used [0x00000000a0000000,0x00000000a1854bf0,0x00000000a5e80000)
 Metaspace       used 52345K, capacity 54016K, committed 54144K, reserved 1095680K
  class space    used 7080K, capacity 7443K, committed 7552K, reserved 1048576K
Event: 16.141 GC heap after
Heap after GC invocations=12 (full 2):
 PSYoungGen      total 163328K, used 17408K [0x00000000e0000000, 0x00000000eb880000, 0x0000000100000000)
  eden space 145920K, 0% used [0x00000000e0000000,0x00000000e0000000,0x00000000e8e80000)
  from space 17408K, 100% used [0x00000000ea300000,0x00000000eb400000,0x00000000eb400000)
  to   space 20992K, 0% used [0x00000000e8e80000,0x00000000e8e80000,0x00000000ea300000)
 ParOldGen       total 96768K, used 29024K [0x00000000a0000000, 0x00000000a5e80000, 0x00000000e0000000)
  object space 96768K, 29% used [0x00000000a0000000,0x00000000a1c58008,0x00000000a5e80000)
 Metaspace       used 52345K, capacity 54016K, committed 54144K, reserved 1095680K
  class space    used 7080K, capacity 7443K, committed 7552K, reserved 1048576K
}

