# JRE version: OpenJDK Runtime Environment (8.0_112-b06) (build 1.8.0_112-release-b06)
# Java VM: OpenJDK 64-Bit Server VM (25.112-b06 mixed mode windows-amd64 compressed oops)
Heap:
 PSYoungGen      total 67584K, used 55960K [0x00000000e0000000, 0x00000000e4e80000, 0x0000000100000000)
  eden space 58880K, 86% used [0x00000000e0000000,0x00000000e31c9660,0x00000000e3980000)
  from space 8704K, 57% used [0x00000000e4600000,0x00000000e4adccc0,0x00000000e4e80000)
  to   space 10752K, 0% used [0x00000000e3980000,0x00000000e3980000,0x00000000e4400000)
 ParOldGen       total 45568K, used 7700K [0x00000000a0000000, 0x00000000a2c80000, 0x00000000e0000000)
  object space 45568K, 16% used [0x00000000a0000000,0x00000000a07852e0,0x00000000a2c80000)
 Metaspace       used 29366K, capacity 29824K, committed 30080K, reserved 1075200K
  class space    used 3937K, capacity 4112K, committed 4224K, reserved 1048576K
GC Heap History (10 events):
Event: 7.469 GC heap before
{Heap before GC invocations=3 (full 0):
 PSYoungGen      total 34816K, used 34812K [0x00000000e0000000, 0x00000000e2680000, 0x0000000100000000)
  eden space 30208K, 100% used [0x00000000e0000000,0x00000000e1d80000,0x00000000e1d80000)
  from space 4608K, 99% used [0x00000000e2200000,0x00000000e267f3a8,0x00000000e2680000)
  to   space 4608K, 0% used [0x00000000e1d80000,0x00000000e1d80000,0x00000000e2200000)
 ParOldGen       total 79360K, used 1042K [0x00000000a0000000, 0x00000000a4d80000, 0x00000000e0000000)
  object space 79360K, 1% used [0x00000000a0000000,0x00000000a01048a8,0x00000000a4d80000)
 Metaspace       used 15713K, capacity 16018K, committed 16128K, reserved 1062912K
  class space    used 2158K, capacity 2258K, committed 2304K, reserved 1048576K
Event: 7.500 GC heap after
Heap after GC invocations=3 (full 0):
 PSYoungGen      total 34816K, used 4592K [0x00000000e0000000, 0x00000000e2680000, 0x0000000100000000)
  eden space 30208K, 0% used [0x00000000e0000000,0x00000000e0000000,0x00000000e1d80000)
  from space 4608K, 99% used [0x00000000e1d80000,0x00000000e21fc030,0x00000000e2200000)
  to   space 4608K, 0% used [0x00000000e2200000,0x00000000e2200000,0x00000000e2680000)
 ParOldGen       total 79360K, used 3775K [0x00000000a0000000, 0x00000000a4d80000, 0x00000000e0000000)
  object space 79360K, 4% used [0x00000000a0000000,0x00000000a03aff18,0x00000000a4d80000)
 Metaspace       used 15713K, capacity 16018K, committed 16128K, reserved 1062912K
  class space    used 2158K, capacity 2258K, committed 2304K, reserved 1048576K
}
Event: 10.010 GC heap before
{Heap before GC invocations=4 (full 0):
 PSYoungGen      total 34816K, used 33932K [0x00000000e0000000, 0x00000000e2680000, 0x0000000100000000)
  eden space 30208K, 97% used [0x00000000e0000000,0x00000000e1ca7040,0x00000000e1d80000)
  from space 4608K, 99% used [0x00000000e1d80000,0x00000000e21fc030,0x00000000e2200000)
  to   space 4608K, 0% used [0x00000000e2200000,0x00000000e2200000,0x00000000e2680000)
 ParOldGen       total 79360K, used 3775K [0x00000000a0000000, 0x00000000a4d80000, 0x00000000e0000000)
  object space 79360K, 4% used [0x00000000a0000000,0x00000000a03aff18,0x00000000a4d80000)
 Metaspace       used 20680K, capacity 21114K, committed 21248K, reserved 1067008K
  class space    used 2798K, capacity 2948K, committed 3072K, reserved 1048576K
Event: 10.033 GC heap after
Heap after GC invocations=4 (full 0):
 PSYoungGen      total 34816K, used 4607K [0x00000000e0000000, 0x00000000e2680000, 0x0000000100000000)
  eden space 30208K, 0% used [0x00000000e0000000,0x00000000e0000000,0x00000000e1d80000)
  from space 4608K, 99% used [0x00000000e2200000,0x00000000e267fc30,0x00000000e2680000)
  to   space 4608K, 0% used [0x00000000e1d80000,0x00000000e1d80000,0x00000000e2200000)
 ParOldGen       total 79360K, used 9323K [0x00000000a0000000, 0x00000000a4d80000, 0x00000000e0000000)
  object space 79360K, 11% used [0x00000000a0000000,0x00000000a091ae40,0x00000000a4d80000)
 Metaspace       used 20680K, capacity 21114K, committed 21248K, reserved 1067008K
  class space    used 2798K, capacity 2948K, committed 3072K, reserved 1048576K
}
Event: 10.043 GC heap before
{Heap before GC invocations=5 (full 0):
 PSYoungGen      total 34816K, used 6077K [0x00000000e0000000, 0x00000000e2680000, 0x0000000100000000)
  eden space 30208K, 4% used [0x00000000e0000000,0x00000000e016f958,0x00000000e1d80000)
  from space 4608K, 99% used [0x00000000e2200000,0x00000000e267fc30,0x00000000e2680000)
  to   space 4608K, 0% used [0x00000000e1d80000,0x00000000e1d80000,0x00000000e2200000)
 ParOldGen       total 79360K, used 9323K [0x00000000a0000000, 0x00000000a4d80000, 0x00000000e0000000)
  object space 79360K, 11% used [0x00000000a0000000,0x00000000a091ae40,0x00000000a4d80000)
 Metaspace       used 20703K, capacity 21114K, committed 21248K, reserved 1067008K
  class space    used 2798K, capacity 2948K, committed 3072K, reserved 1048576K
Event: 10.055 GC heap after
Heap after GC invocations=5 (full 0):
 PSYoungGen      total 34816K, used 3632K [0x00000000e0000000, 0x00000000e5100000, 0x0000000100000000)
  eden space 30208K, 0% used [0x00000000e0000000,0x00000000e0000000,0x00000000e1d80000)
  from space 4608K, 78% used [0x00000000e1d80000,0x00000000e210c030,0x00000000e2200000)
  to   space 11264K, 0% used [0x00000000e4600000,0x00000000e4600000,0x00000000e5100000)
 ParOldGen       total 79360K, used 10391K [0x00000000a0000000, 0x00000000a4d80000, 0x00000000e0000000)
  object space 79360K, 13% used [0x00000000a0000000,0x00000000a0a25e00,0x00000000a4d80000)
 Metaspace       used 20703K, capacity 21114K, committed 21248K, reserved 1067008K
  class space    used 2798K, capacity 2948K, committed 3072K, reserved 1048576K
}
Event: 10.055 GC heap before
{Heap before GC invocations=6 (full 1):
 PSYoungGen      total 34816K, used 3632K [0x00000000e0000000, 0x00000000e5100000, 0x0000000100000000)
  eden space 30208K, 0% used [0x00000000e0000000,0x00000000e0000000,0x00000000e1d80000)
  from space 4608K, 78% used [0x00000000e1d80000,0x00000000e210c030,0x00000000e2200000)
  to   space 11264K, 0% used [0x00000000e4600000,0x00000000e4600000,0x00000000e5100000)
 ParOldGen       total 79360K, used 10391K [0x00000000a0000000, 0x00000000a4d80000, 0x00000000e0000000)
  object space 79360K, 13% used [0x00000000a0000000,0x00000000a0a25e00,0x00000000a4d80000)
 Metaspace       used 20703K, capacity 21114K, committed 21248K, reserved 1067008K
  class space    used 2798K, capacity 2948K, committed 3072K, reserved 1048576K
Event: 10.124 GC heap after
Heap after GC invocations=6 (full 1):
 PSYoungGen      total 34816K, used 0K [0x00000000e0000000, 0x00000000e5100000, 0x0000000100000000)
  eden space 30208K, 0% used [0x00000000e0000000,0x00000000e0000000,0x00000000e1d80000)
  from space 4608K, 0% used [0x00000000e1d80000,0x00000000e1d80000,0x00000000e2200000)
  to   space 11264K, 0% used [0x00000000e4600000,0x00000000e4600000,0x00000000e5100000)
 ParOldGen       total 45568K, used 7692K [0x00000000a0000000, 0x00000000a2c80000, 0x00000000e0000000)
  object space 45568K, 16% used [0x00000000a0000000,0x00000000a07832e0,0x00000000a2c80000)
 Metaspace       used 20703K, capacity 21114K, committed 21248K, reserved 1067008K
  class space    used 2798K, capacity 2948K, committed 3072K, reserved 1048576K
}
Event: 11.283 GC heap before
{Heap before GC invocations=7 (full 1):
 PSYoungGen      total 34816K, used 30208K [0x00000000e0000000, 0x00000000e5100000, 0x0000000100000000)
  eden space 30208K, 100% used [0x00000000e0000000,0x00000000e1d80000,0x00000000e1d80000)
  from space 4608K, 0% used [0x00000000e1d80000,0x00000000e1d80000,0x00000000e2200000)
  to   space 11264K, 0% used [0x00000000e4600000,0x00000000e4600000,0x00000000e5100000)
 ParOldGen       total 45568K, used 7692K [0x00000000a0000000, 0x00000000a2c80000, 0x00000000e0000000)
  object space 45568K, 16% used [0x00000000a0000000,0x00000000a07832e0,0x00000000a2c80000)
 Metaspace       used 25135K, capacity 25678K, committed 25728K, reserved 1071104K
  class space    used 3246K, capacity 3442K, committed 3456K, reserved 1048576K
Event: 11.311 GC heap after
Heap after GC invocations=7 (full 1):
 PSYoungGen      total 67584K, used 4979K [0x00000000e0000000, 0x00000000e4e80000, 0x0000000100000000)
  eden space 58880K, 0% used [0x00000000e0000000,0x00000000e0000000,0x00000000e3980000)
  from space 8704K, 57% used [0x00000000e4600000,0x00000000e4adccc0,0x00000000e4e80000)
  to   space 10752K, 0% used [0x00000000e3980000,0x00000000e3980000,0x00000000e4400000)
 ParOldGen       total 45568K, used 7700K [0x00000000a0000000, 0x00000000a2c80000, 0x00000000e0000000)
  object space 45568K, 16% used [0x00000000a0000000,0x00000000a07852e0,0x00000000a2c80000)
 Metaspace       used 25135K, capacity 25678K, committed 25728K, reserved 1071104K
  class space    used 3246K, capacity 3442K, committed 3456K, reserved 1048576K
}

