# JRE version: OpenJDK Runtime Environment (8.0_112-b06) (build 1.8.0_112-release-b06)
# Java VM: OpenJDK 64-Bit Server VM (25.112-b06 mixed mode windows-amd64 compressed oops)
Heap:
 PSYoungGen      total 451072K, used 447216K [0x00000000e0000000, 0x0000000100000000, 0x0000000100000000)
  eden space 418816K, 100% used [0x00000000e0000000,0x00000000f9900000,0x00000000f9900000)
  from space 32256K, 88% used [0x00000000f9900000,0x00000000fb4bc1e8,0x00000000fb880000)
  to   space 35840K, 4% used [0x00000000fdd00000,0x00000000fde68000,0x0000000100000000)
 ParOldGen       total 109056K, used 93686K [0x00000000a0000000, 0x00000000a6a80000, 0x00000000e0000000)
  object space 109056K, 85% used [0x00000000a0000000,0x00000000a5b7f8c8,0x00000000a6a80000)
 Metaspace       used 66292K, capacity 69070K, committed 69208K, reserved 1110016K
  class space    used 8688K, capacity 9250K, committed 9304K, reserved 1048576K
GC Heap History (10 events):
Event: 51.568 GC heap after
Heap after GC invocations=12 (full 2):
 PSYoungGen      total 312832K, used 17394K [0x00000000e0000000, 0x00000000f5380000, 0x0000000100000000)
  eden space 295424K, 0% used [0x00000000e0000000,0x00000000e0000000,0x00000000f2080000)
  from space 17408K, 99% used [0x00000000f3900000,0x00000000f49fcb98,0x00000000f4a00000)
  to   space 25088K, 0% used [0x00000000f2080000,0x00000000f2080000,0x00000000f3900000)
 ParOldGen       total 58880K, used 36074K [0x00000000a0000000, 0x00000000a3980000, 0x00000000e0000000)
  object space 58880K, 61% used [0x00000000a0000000,0x00000000a233aa38,0x00000000a3980000)
 Metaspace       used 53631K, capacity 55888K, committed 56152K, reserved 1097728K
  class space    used 7309K, capacity 7759K, committed 7768K, reserved 1048576K
}
Event: 53.544 GC heap before
{Heap before GC invocations=13 (full 2):
 PSYoungGen      total 312832K, used 88077K [0x00000000e0000000, 0x00000000f5380000, 0x0000000100000000)
  eden space 295424K, 23% used [0x00000000e0000000,0x00000000e4506980,0x00000000f2080000)
  from space 17408K, 99% used [0x00000000f3900000,0x00000000f49fcb98,0x00000000f4a00000)
  to   space 25088K, 0% used [0x00000000f2080000,0x00000000f2080000,0x00000000f3900000)
 ParOldGen       total 58880K, used 36074K [0x00000000a0000000, 0x00000000a3980000, 0x00000000e0000000)
  object space 58880K, 61% used [0x00000000a0000000,0x00000000a233aa38,0x00000000a3980000)
 Metaspace       used 56603K, capacity 58924K, committed 59028K, reserved 1099776K
  class space    used 7671K, capacity 8147K, committed 8152K, reserved 1048576K
Event: 53.578 GC heap after
Heap after GC invocations=13 (full 2):
 PSYoungGen      total 320512K, used 6809K [0x00000000e0000000, 0x00000000fd080000, 0x0000000100000000)
  eden space 295424K, 0% used [0x00000000e0000000,0x00000000e0000000,0x00000000f2080000)
  from space 25088K, 27% used [0x00000000f2080000,0x00000000f2726750,0x00000000f3900000)
  to   space 24576K, 0% used [0x00000000fb880000,0x00000000fb880000,0x00000000fd080000)
 ParOldGen       total 58880K, used 53565K [0x00000000a0000000, 0x00000000a3980000, 0x00000000e0000000)
  object space 58880K, 90% used [0x00000000a0000000,0x00000000a344f4f0,0x00000000a3980000)
 Metaspace       used 56603K, capacity 58924K, committed 59028K, reserved 1099776K
  class space    used 7671K, capacity 8147K, committed 8152K, reserved 1048576K
}
Event: 53.578 GC heap before
{Heap before GC invocations=14 (full 3):
 PSYoungGen      total 320512K, used 6809K [0x00000000e0000000, 0x00000000fd080000, 0x0000000100000000)
  eden space 295424K, 0% used [0x00000000e0000000,0x00000000e0000000,0x00000000f2080000)
  from space 25088K, 27% used [0x00000000f2080000,0x00000000f2726750,0x00000000f3900000)
  to   space 24576K, 0% used [0x00000000fb880000,0x00000000fb880000,0x00000000fd080000)
 ParOldGen       total 58880K, used 53565K [0x00000000a0000000, 0x00000000a3980000, 0x00000000e0000000)
  object space 58880K, 90% used [0x00000000a0000000,0x00000000a344f4f0,0x00000000a3980000)
 Metaspace       used 56603K, capacity 58924K, committed 59028K, reserved 1099776K
  class space    used 7671K, capacity 8147K, committed 8152K, reserved 1048576K
Event: 53.883 GC heap after
Heap after GC invocations=14 (full 3):
 PSYoungGen      total 320512K, used 0K [0x00000000e0000000, 0x00000000fd080000, 0x0000000100000000)
  eden space 295424K, 0% used [0x00000000e0000000,0x00000000e0000000,0x00000000f2080000)
  from space 25088K, 0% used [0x00000000f2080000,0x00000000f2080000,0x00000000f3900000)
  to   space 24576K, 0% used [0x00000000fb880000,0x00000000fb880000,0x00000000fd080000)
 ParOldGen       total 109056K, used 48184K [0x00000000a0000000, 0x00000000a6a80000, 0x00000000e0000000)
  object space 109056K, 44% used [0x00000000a0000000,0x00000000a2f0e3f8,0x00000000a6a80000)
 Metaspace       used 56603K, capacity 58924K, committed 59028K, reserved 1099776K
  class space    used 7671K, capacity 8147K, committed 8152K, reserved 1048576K
}
Event: 198.206 GC heap before
{Heap before GC invocations=15 (full 3):
 PSYoungGen      total 320512K, used 295424K [0x00000000e0000000, 0x00000000fd080000, 0x0000000100000000)
  eden space 295424K, 100% used [0x00000000e0000000,0x00000000f2080000,0x00000000f2080000)
  from space 25088K, 0% used [0x00000000f2080000,0x00000000f2080000,0x00000000f3900000)
  to   space 24576K, 0% used [0x00000000fb880000,0x00000000fb880000,0x00000000fd080000)
 ParOldGen       total 109056K, used 48184K [0x00000000a0000000, 0x00000000a6a80000, 0x00000000e0000000)
  object space 109056K, 44% used [0x00000000a0000000,0x00000000a2f0e3f8,0x00000000a6a80000)
 Metaspace       used 62539K, capacity 65144K, committed 65368K, reserved 1105920K
  class space    used 8390K, capacity 8931K, committed 9048K, reserved 1048576K
Event: 198.255 GC heap after
Heap after GC invocations=15 (full 3):
 PSYoungGen      total 443392K, used 24574K [0x00000000e0000000, 0x00000000fde80000, 0x0000000100000000)
  eden space 418816K, 0% used [0x00000000e0000000,0x00000000e0000000,0x00000000f9900000)
  from space 24576K, 99% used [0x00000000fb880000,0x00000000fd07f990,0x00000000fd080000)
  to   space 32256K, 0% used [0x00000000f9900000,0x00000000f9900000,0x00000000fb880000)
 ParOldGen       total 109056K, used 58778K [0x00000000a0000000, 0x00000000a6a80000, 0x00000000e0000000)
  object space 109056K, 53% used [0x00000000a0000000,0x00000000a3966910,0x00000000a6a80000)
 Metaspace       used 62539K, capacity 65144K, committed 65368K, reserved 1105920K
  class space    used 8390K, capacity 8931K, committed 9048K, reserved 1048576K
}
Event: 205.124 GC heap before
{Heap before GC invocations=16 (full 3):
 PSYoungGen      total 443392K, used 443390K [0x00000000e0000000, 0x00000000fde80000, 0x0000000100000000)
  eden space 418816K, 100% used [0x00000000e0000000,0x00000000f9900000,0x00000000f9900000)
  from space 24576K, 99% used [0x00000000fb880000,0x00000000fd07f990,0x00000000fd080000)
  to   space 32256K, 0% used [0x00000000f9900000,0x00000000f9900000,0x00000000fb880000)
 ParOldGen       total 109056K, used 58778K [0x00000000a0000000, 0x00000000a6a80000, 0x00000000e0000000)
  object space 109056K, 53% used [0x00000000a0000000,0x00000000a3966910,0x00000000a6a80000)
 Metaspace       used 64955K, capacity 67576K, committed 67800K, reserved 1107968K
  class space    used 8519K, capacity 9059K, committed 9176K, reserved 1048576K
Event: 205.190 GC heap after
Heap after GC invocations=16 (full 3):
 PSYoungGen      total 451072K, used 28400K [0x00000000e0000000, 0x0000000100000000, 0x0000000100000000)
  eden space 418816K, 0% used [0x00000000e0000000,0x00000000e0000000,0x00000000f9900000)
  from space 32256K, 88% used [0x00000000f9900000,0x00000000fb4bc1e8,0x00000000fb880000)
  to   space 35840K, 0% used [0x00000000fdd00000,0x00000000fdd00000,0x0000000100000000)
 ParOldGen       total 109056K, used 78892K [0x00000000a0000000, 0x00000000a6a80000, 0x00000000e0000000)
  object space 109056K, 72% used [0x00000000a0000000,0x00000000a4d0b170,0x00000000a6a80000)
 Metaspace       used 64955K, capacity 67576K, committed 67800K, reserved 1107968K
  class space    used 8519K, capacity 9059K, committed 9176K, reserved 1048576K
}
Event: 209.328 GC heap before
{Heap before GC invocations=17 (full 3):
 PSYoungGen      total 451072K, used 447216K [0x00000000e0000000, 0x0000000100000000, 0x0000000100000000)
  eden space 418816K, 100% used [0x00000000e0000000,0x00000000f9900000,0x00000000f9900000)
  from space 32256K, 88% used [0x00000000f9900000,0x00000000fb4bc1e8,0x00000000fb880000)
  to   space 35840K, 0% used [0x00000000fdd00000,0x00000000fdd00000,0x0000000100000000)
 ParOldGen       total 109056K, used 78892K [0x00000000a0000000, 0x00000000a6a80000, 0x00000000e0000000)
  object space 109056K, 72% used [0x00000000a0000000,0x00000000a4d0b170,0x00000000a6a80000)
 Metaspace       used 66292K, capacity 69070K, committed 69208K, reserved 1110016K
  class space    used 8688K, capacity 9250K, committed 9304K, reserved 1048576K

