# JRE version: OpenJDK Runtime Environment (8.0_112-b06) (build 1.8.0_112-release-b06)
# Java VM: OpenJDK 64-Bit Server VM (25.112-b06 mixed mode windows-amd64 compressed oops)
Heap:
 PSYoungGen      total 486912K, used 98748K [0x00000000e0000000, 0x0000000100000000, 0x0000000100000000)
  eden space 459776K, 15% used [0x00000000e0000000,0x00000000e45f3fc8,0x00000000fc100000)
  from space 27136K, 99% used [0x00000000fe580000,0x00000000ffffb178,0x0000000100000000)
  to   space 32256K, 0% used [0x00000000fc100000,0x00000000fc100000,0x00000000fe080000)
 ParOldGen       total 100352K, used 46467K [0x00000000a0000000, 0x00000000a6200000, 0x00000000e0000000)
  object space 100352K, 46% used [0x00000000a0000000,0x00000000a2d60c80,0x00000000a6200000)
 Metaspace       used 66216K, capacity 68844K, committed 69120K, reserved 1110016K
  class space    used 8800K, capacity 9349K, committed 9472K, reserved 1048576K
GC Heap History (10 events):
Event: 15.464 GC heap before
{Heap before GC invocations=11 (full 2):
 PSYoungGen      total 227840K, used 214528K [0x00000000e0000000, 0x00000000ef800000, 0x0000000100000000)
  eden space 214528K, 100% used [0x00000000e0000000,0x00000000ed180000,0x00000000ed180000)
  from space 13312K, 0% used [0x00000000ede00000,0x00000000ede00000,0x00000000eeb00000)
  to   space 12800K, 0% used [0x00000000ed180000,0x00000000ed180000,0x00000000ede00000)
 ParOldGen       total 55808K, used 13844K [0x00000000a0000000, 0x00000000a3680000, 0x00000000e0000000)
  object space 55808K, 24% used [0x00000000a0000000,0x00000000a0d85250,0x00000000a3680000)
 Metaspace       used 49305K, capacity 50680K, committed 50816K, reserved 1093632K
  class space    used 6651K, capacity 6960K, committed 7040K, reserved 1048576K
Event: 15.500 GC heap after
Heap after GC invocations=11 (full 2):
 PSYoungGen      total 227328K, used 12784K [0x00000000e0000000, 0x00000000f6580000, 0x0000000100000000)
  eden space 214528K, 0% used [0x00000000e0000000,0x00000000e0000000,0x00000000ed180000)
  from space 12800K, 99% used [0x00000000ed180000,0x00000000eddfc000,0x00000000ede00000)
  to   space 17920K, 0% used [0x00000000f5400000,0x00000000f5400000,0x00000000f6580000)
 ParOldGen       total 55808K, used 22325K [0x00000000a0000000, 0x00000000a3680000, 0x00000000e0000000)
  object space 55808K, 40% used [0x00000000a0000000,0x00000000a15cd610,0x00000000a3680000)
 Metaspace       used 49305K, capacity 50680K, committed 50816K, reserved 1093632K
  class space    used 6651K, capacity 6960K, committed 7040K, reserved 1048576K
}
Event: 26.838 GC heap before
{Heap before GC invocations=12 (full 2):
 PSYoungGen      total 227328K, used 227312K [0x00000000e0000000, 0x00000000f6580000, 0x0000000100000000)
  eden space 214528K, 100% used [0x00000000e0000000,0x00000000ed180000,0x00000000ed180000)
  from space 12800K, 99% used [0x00000000ed180000,0x00000000eddfc000,0x00000000ede00000)
  to   space 17920K, 0% used [0x00000000f5400000,0x00000000f5400000,0x00000000f6580000)
 ParOldGen       total 55808K, used 22325K [0x00000000a0000000, 0x00000000a3680000, 0x00000000e0000000)
  object space 55808K, 40% used [0x00000000a0000000,0x00000000a15cd610,0x00000000a3680000)
 Metaspace       used 56752K, capacity 58988K, committed 59028K, reserved 1099776K
  class space    used 7714K, capacity 8189K, committed 8192K, reserved 1048576K
Event: 26.933 GC heap after
Heap after GC invocations=12 (full 2):
 PSYoungGen      total 339456K, used 17919K [0x00000000e0000000, 0x00000000f7300000, 0x0000000100000000)
  eden space 321536K, 0% used [0x00000000e0000000,0x00000000e0000000,0x00000000f3a00000)
  from space 17920K, 99% used [0x00000000f5400000,0x00000000f657ff28,0x00000000f6580000)
  to   space 26624K, 0% used [0x00000000f3a00000,0x00000000f3a00000,0x00000000f5400000)
 ParOldGen       total 55808K, used 39438K [0x00000000a0000000, 0x00000000a3680000, 0x00000000e0000000)
  object space 55808K, 70% used [0x00000000a0000000,0x00000000a2683b50,0x00000000a3680000)
 Metaspace       used 56752K, capacity 58988K, committed 59028K, reserved 1099776K
  class space    used 7714K, capacity 8189K, committed 8192K, reserved 1048576K
}
Event: 26.963 GC heap before
{Heap before GC invocations=13 (full 2):
 PSYoungGen      total 339456K, used 24722K [0x00000000e0000000, 0x00000000f7300000, 0x0000000100000000)
  eden space 321536K, 2% used [0x00000000e0000000,0x00000000e06a4b00,0x00000000f3a00000)
  from space 17920K, 99% used [0x00000000f5400000,0x00000000f657ff28,0x00000000f6580000)
  to   space 26624K, 0% used [0x00000000f3a00000,0x00000000f3a00000,0x00000000f5400000)
 ParOldGen       total 55808K, used 39438K [0x00000000a0000000, 0x00000000a3680000, 0x00000000e0000000)
  object space 55808K, 70% used [0x00000000a0000000,0x00000000a2683b50,0x00000000a3680000)
 Metaspace       used 56770K, capacity 58988K, committed 59028K, reserved 1099776K
  class space    used 7714K, capacity 8189K, committed 8192K, reserved 1048576K
Event: 27.004 GC heap after
Heap after GC invocations=13 (full 2):
 PSYoungGen      total 348160K, used 864K [0x00000000e0000000, 0x0000000100000000, 0x0000000100000000)
  eden space 321536K, 0% used [0x00000000e0000000,0x00000000e0000000,0x00000000f3a00000)
  from space 26624K, 3% used [0x00000000f3a00000,0x00000000f3ad8000,0x00000000f5400000)
  to   space 27136K, 0% used [0x00000000fe580000,0x00000000fe580000,0x0000000100000000)
 ParOldGen       total 58368K, used 57468K [0x00000000a0000000, 0x00000000a3900000, 0x00000000e0000000)
  object space 58368K, 98% used [0x00000000a0000000,0x00000000a381f398,0x00000000a3900000)
 Metaspace       used 56770K, capacity 58988K, committed 59028K, reserved 1099776K
  class space    used 7714K, capacity 8189K, committed 8192K, reserved 1048576K
}
Event: 27.005 GC heap before
{Heap before GC invocations=14 (full 3):
 PSYoungGen      total 348160K, used 864K [0x00000000e0000000, 0x0000000100000000, 0x0000000100000000)
  eden space 321536K, 0% used [0x00000000e0000000,0x00000000e0000000,0x00000000f3a00000)
  from space 26624K, 3% used [0x00000000f3a00000,0x00000000f3ad8000,0x00000000f5400000)
  to   space 27136K, 0% used [0x00000000fe580000,0x00000000fe580000,0x0000000100000000)
 ParOldGen       total 58368K, used 57468K [0x00000000a0000000, 0x00000000a3900000, 0x00000000e0000000)
  object space 58368K, 98% used [0x00000000a0000000,0x00000000a381f398,0x00000000a3900000)
 Metaspace       used 56770K, capacity 58988K, committed 59028K, reserved 1099776K
  class space    used 7714K, capacity 8189K, committed 8192K, reserved 1048576K
Event: 27.340 GC heap after
Heap after GC invocations=14 (full 3):
 PSYoungGen      total 348160K, used 0K [0x00000000e0000000, 0x0000000100000000, 0x0000000100000000)
  eden space 321536K, 0% used [0x00000000e0000000,0x00000000e0000000,0x00000000f3a00000)
  from space 26624K, 0% used [0x00000000f3a00000,0x00000000f3a00000,0x00000000f5400000)
  to   space 27136K, 0% used [0x00000000fe580000,0x00000000fe580000,0x0000000100000000)
 ParOldGen       total 100352K, used 44986K [0x00000000a0000000, 0x00000000a6200000, 0x00000000e0000000)
  object space 100352K, 44% used [0x00000000a0000000,0x00000000a2beea68,0x00000000a6200000)
 Metaspace       used 56770K, capacity 58988K, committed 59028K, reserved 1099776K
  class space    used 7714K, capacity 8189K, committed 8192K, reserved 1048576K
}
Event: 1674.833 GC heap before
{Heap before GC invocations=15 (full 3):
 PSYoungGen      total 348160K, used 321536K [0x00000000e0000000, 0x0000000100000000, 0x0000000100000000)
  eden space 321536K, 100% used [0x00000000e0000000,0x00000000f3a00000,0x00000000f3a00000)
  from space 26624K, 0% used [0x00000000f3a00000,0x00000000f3a00000,0x00000000f5400000)
  to   space 27136K, 0% used [0x00000000fe580000,0x00000000fe580000,0x0000000100000000)
 ParOldGen       total 100352K, used 44986K [0x00000000a0000000, 0x00000000a6200000, 0x00000000e0000000)
  object space 100352K, 44% used [0x00000000a0000000,0x00000000a2beea68,0x00000000a6200000)
 Metaspace       used 65680K, capacity 68300K, committed 68480K, reserved 1107968K
  class space    used 8780K, capacity 9317K, committed 9344K, reserved 1048576K
Event: 1674.876 GC heap after
Heap after GC invocations=15 (full 3):
 PSYoungGen      total 486912K, used 27116K [0x00000000e0000000, 0x0000000100000000, 0x0000000100000000)
  eden space 459776K, 0% used [0x00000000e0000000,0x00000000e0000000,0x00000000fc100000)
  from space 27136K, 99% used [0x00000000fe580000,0x00000000ffffb178,0x0000000100000000)
  to   space 32256K, 0% used [0x00000000fc100000,0x00000000fc100000,0x00000000fe080000)
 ParOldGen       total 100352K, used 46467K [0x00000000a0000000, 0x00000000a6200000, 0x00000000e0000000)
  object space 100352K, 46% used [0x00000000a0000000,0x00000000a2d60c80,0x00000000a6200000)
 Metaspace       used 65680K, capacity 68300K, committed 68480K, reserved 1107968K
  class space    used 8780K, capacity 9317K, committed 9344K, reserved 1048576K
}

