# JRE version: OpenJDK Runtime Environment (8.0_112-b06) (build 1.8.0_112-release-b06)
# Java VM: OpenJDK 64-Bit Server VM (25.112-b06 mixed mode windows-amd64 compressed oops)
Heap:
 PSYoungGen      total 349696K, used 220731K [0x00000000e0000000, 0x0000000100000000, 0x0000000100000000)
  eden space 175104K, 100% used [0x00000000e0000000,0x00000000eab00000,0x00000000eab00000)
  from space 174592K, 26% used [0x00000000eab00000,0x00000000ed78efd8,0x00000000f5580000)
  to   space 174592K, 7% used [0x00000000f5580000,0x00000000f6188578,0x0000000100000000)
 ParOldGen       total 380928K, used 311718K [0x00000000a0000000, 0x00000000b7400000, 0x00000000e0000000)
  object space 380928K, 81% used [0x00000000a0000000,0x00000000b3073b60,0x00000000b7400000)
 Metaspace       used 74165K, capacity 77824K, committed 78168K, reserved 1118208K
  class space    used 9328K, capacity 9955K, committed 10072K, reserved 1048576K
GC Heap History (10 events):
Event: 486.092 GC heap after
Heap after GC invocations=53 (full 8):
 PSYoungGen      total 331776K, used 150235K [0x00000000e0000000, 0x0000000100000000, 0x0000000100000000)
  eden space 181248K, 0% used [0x00000000e0000000,0x00000000e0000000,0x00000000eb100000)
  from space 150528K, 99% used [0x00000000eb100000,0x00000000f43b6f20,0x00000000f4400000)
  to   space 174592K, 0% used [0x00000000f5580000,0x00000000f5580000,0x0000000100000000)
 ParOldGen       total 380928K, used 94230K [0x00000000a0000000, 0x00000000b7400000, 0x00000000e0000000)
  object space 380928K, 24% used [0x00000000a0000000,0x00000000a5c05b70,0x00000000b7400000)
 Metaspace       used 73982K, capacity 77664K, committed 77784K, reserved 1118208K
  class space    used 9300K, capacity 9923K, committed 9944K, reserved 1048576K
}
Event: 486.358 GC heap before
{Heap before GC invocations=54 (full 8):
 PSYoungGen      total 331776K, used 331483K [0x00000000e0000000, 0x0000000100000000, 0x0000000100000000)
  eden space 181248K, 100% used [0x00000000e0000000,0x00000000eb100000,0x00000000eb100000)
  from space 150528K, 99% used [0x00000000eb100000,0x00000000f43b6f20,0x00000000f4400000)
  to   space 174592K, 0% used [0x00000000f5580000,0x00000000f5580000,0x0000000100000000)
 ParOldGen       total 380928K, used 94230K [0x00000000a0000000, 0x00000000b7400000, 0x00000000e0000000)
  object space 380928K, 24% used [0x00000000a0000000,0x00000000a5c05b70,0x00000000b7400000)
 Metaspace       used 73983K, capacity 77664K, committed 77784K, reserved 1118208K
  class space    used 9300K, capacity 9923K, committed 9944K, reserved 1048576K
Event: 486.598 GC heap after
Heap after GC invocations=54 (full 8):
 PSYoungGen      total 349696K, used 126556K [0x00000000e0000000, 0x0000000100000000, 0x0000000100000000)
  eden space 175104K, 0% used [0x00000000e0000000,0x00000000e0000000,0x00000000eab00000)
  from space 174592K, 72% used [0x00000000f5580000,0x00000000fd1171c8,0x0000000100000000)
  to   space 174592K, 0% used [0x00000000eab00000,0x00000000eab00000,0x00000000f5580000)
 ParOldGen       total 380928K, used 140842K [0x00000000a0000000, 0x00000000b7400000, 0x00000000e0000000)
  object space 380928K, 36% used [0x00000000a0000000,0x00000000a898a898,0x00000000b7400000)
 Metaspace       used 73983K, capacity 77664K, committed 77784K, reserved 1118208K
  class space    used 9300K, capacity 9923K, committed 9944K, reserved 1048576K
}
Event: 486.995 GC heap before
{Heap before GC invocations=55 (full 8):
 PSYoungGen      total 349696K, used 301660K [0x00000000e0000000, 0x0000000100000000, 0x0000000100000000)
  eden space 175104K, 100% used [0x00000000e0000000,0x00000000eab00000,0x00000000eab00000)
  from space 174592K, 72% used [0x00000000f5580000,0x00000000fd1171c8,0x0000000100000000)
  to   space 174592K, 0% used [0x00000000eab00000,0x00000000eab00000,0x00000000f5580000)
 ParOldGen       total 380928K, used 140842K [0x00000000a0000000, 0x00000000b7400000, 0x00000000e0000000)
  object space 380928K, 36% used [0x00000000a0000000,0x00000000a898a898,0x00000000b7400000)
 Metaspace       used 74164K, capacity 77824K, committed 78168K, reserved 1118208K
  class space    used 9328K, capacity 9955K, committed 10072K, reserved 1048576K
Event: 487.181 GC heap after
Heap after GC invocations=55 (full 8):
 PSYoungGen      total 349696K, used 68560K [0x00000000e0000000, 0x0000000100000000, 0x0000000100000000)
  eden space 175104K, 0% used [0x00000000e0000000,0x00000000e0000000,0x00000000eab00000)
  from space 174592K, 39% used [0x00000000eab00000,0x00000000eedf4038,0x00000000f5580000)
  to   space 174592K, 0% used [0x00000000f5580000,0x00000000f5580000,0x0000000100000000)
 ParOldGen       total 380928K, used 204115K [0x00000000a0000000, 0x00000000b7400000, 0x00000000e0000000)
  object space 380928K, 53% used [0x00000000a0000000,0x00000000ac754e80,0x00000000b7400000)
 Metaspace       used 74164K, capacity 77824K, committed 78168K, reserved 1118208K
  class space    used 9328K, capacity 9955K, committed 10072K, reserved 1048576K
}
Event: 487.632 GC heap before
{Heap before GC invocations=56 (full 8):
 PSYoungGen      total 349696K, used 243664K [0x00000000e0000000, 0x0000000100000000, 0x0000000100000000)
  eden space 175104K, 100% used [0x00000000e0000000,0x00000000eab00000,0x00000000eab00000)
  from space 174592K, 39% used [0x00000000eab00000,0x00000000eedf4038,0x00000000f5580000)
  to   space 174592K, 0% used [0x00000000f5580000,0x00000000f5580000,0x0000000100000000)
 ParOldGen       total 380928K, used 204115K [0x00000000a0000000, 0x00000000b7400000, 0x00000000e0000000)
  object space 380928K, 53% used [0x00000000a0000000,0x00000000ac754e80,0x00000000b7400000)
 Metaspace       used 74165K, capacity 77824K, committed 78168K, reserved 1118208K
  class space    used 9328K, capacity 9955K, committed 10072K, reserved 1048576K
Event: 487.765 GC heap after
Heap after GC invocations=56 (full 8):
 PSYoungGen      total 349696K, used 58519K [0x00000000e0000000, 0x0000000100000000, 0x0000000100000000)
  eden space 175104K, 0% used [0x00000000e0000000,0x00000000e0000000,0x00000000eab00000)
  from space 174592K, 33% used [0x00000000f5580000,0x00000000f8ea5f80,0x0000000100000000)
  to   space 174592K, 0% used [0x00000000eab00000,0x00000000eab00000,0x00000000f5580000)
 ParOldGen       total 380928K, used 242522K [0x00000000a0000000, 0x00000000b7400000, 0x00000000e0000000)
  object space 380928K, 63% used [0x00000000a0000000,0x00000000aecd6a30,0x00000000b7400000)
 Metaspace       used 74165K, capacity 77824K, committed 78168K, reserved 1118208K
  class space    used 9328K, capacity 9955K, committed 10072K, reserved 1048576K
}
Event: 488.052 GC heap before
{Heap before GC invocations=57 (full 8):
 PSYoungGen      total 349696K, used 233623K [0x00000000e0000000, 0x0000000100000000, 0x0000000100000000)
  eden space 175104K, 100% used [0x00000000e0000000,0x00000000eab00000,0x00000000eab00000)
  from space 174592K, 33% used [0x00000000f5580000,0x00000000f8ea5f80,0x0000000100000000)
  to   space 174592K, 0% used [0x00000000eab00000,0x00000000eab00000,0x00000000f5580000)
 ParOldGen       total 380928K, used 242522K [0x00000000a0000000, 0x00000000b7400000, 0x00000000e0000000)
  object space 380928K, 63% used [0x00000000a0000000,0x00000000aecd6a30,0x00000000b7400000)
 Metaspace       used 74165K, capacity 77824K, committed 78168K, reserved 1118208K
  class space    used 9328K, capacity 9955K, committed 10072K, reserved 1048576K
Event: 488.191 GC heap after
Heap after GC invocations=57 (full 8):
 PSYoungGen      total 349696K, used 45627K [0x00000000e0000000, 0x0000000100000000, 0x0000000100000000)
  eden space 175104K, 0% used [0x00000000e0000000,0x00000000e0000000,0x00000000eab00000)
  from space 174592K, 26% used [0x00000000eab00000,0x00000000ed78efd8,0x00000000f5580000)
  to   space 174592K, 0% used [0x00000000f5580000,0x00000000f5580000,0x0000000100000000)
 ParOldGen       total 380928K, used 300241K [0x00000000a0000000, 0x00000000b7400000, 0x00000000e0000000)
  object space 380928K, 78% used [0x00000000a0000000,0x00000000b2534578,0x00000000b7400000)
 Metaspace       used 74165K, capacity 77824K, committed 78168K, reserved 1118208K
  class space    used 9328K, capacity 9955K, committed 10072K, reserved 1048576K
}
Event: 488.517 GC heap before
{Heap before GC invocations=58 (full 8):
 PSYoungGen      total 349696K, used 220731K [0x00000000e0000000, 0x0000000100000000, 0x0000000100000000)
  eden space 175104K, 100% used [0x00000000e0000000,0x00000000eab00000,0x00000000eab00000)
  from space 174592K, 26% used [0x00000000eab00000,0x00000000ed78efd8,0x00000000f5580000)
  to   space 174592K, 0% used [0x00000000f5580000,0x00000000f5580000,0x0000000100000000)
 ParOldGen       total 380928K, used 300241K [0x00000000a0000000, 0x00000000b7400000, 0x00000000e0000000)
  object space 380928K, 78% used [0x00000000a0000000,0x00000000b2534578,0x00000000b7400000)
 Metaspace       used 74165K, capacity 77824K, committed 78168K, reserved 1118208K
  class space    used 9328K, capacity 9955K, committed 10072K, reserved 1048576K

